<?xml version="1.0" encoding="UTF-8"?>
<!-- Generated by org.testng.reporters.JUnitReportReporter -->
<testsuite hostname="LAPTOP-KRDH09GV" failures="0" tests="35" name="runtask.Run_login" time="45.829" errors="0" timestamp="2024-07-25T17:45:16 IST" skipped="0">
  <testcase classname="runtask.Run_login" name="AccountDetails" time="5.917"/>
  <system-out/>
  <testcase classname="runtask.Run_login" name="Manageaddress" time="2.431"/>
  <system-out/>
  <testcase classname="runtask.Run_login" name="Companyname" time="0.076"/>
  <system-out/>
  <testcase classname="runtask.Run_login" name="Street" time="0.061"/>
  <system-out/>
  <testcase classname="runtask.Run_login" name="scroll1" time="0.000"/>
  <system-out/>
  <testcase classname="runtask.Run_login" name="Country" time="0.085"/>
  <system-out/>
  <testcase classname="runtask.Run_login" name="countryDropdown" time="0.047"/>
  <system-out/>
  <testcase classname="runtask.Run_login" name="State" time="0.073"/>
  <system-out/>
  <testcase classname="runtask.Run_login" name="stateDropdown" time="0.031"/>
  <system-out/>
  <testcase classname="runtask.Run_login" name="Cityname" time="0.061"/>
  <system-out/>
  <testcase classname="runtask.Run_login" name="Postcode" time="0.057"/>
  <system-out/>
  <testcase classname="runtask.Run_login" name="Telephonenum" time="0.060"/>
  <system-out/>
  <testcase classname="runtask.Run_login" name="Saveaddress" time="1.894"/>
  <system-out/>
  <testcase classname="runtask.Run_login" name="Clickonprofiledropdown" time="0.055"/>
  <system-out/>
  <testcase classname="runtask.Run_login" name="Signout" time="2.815"/>
  <system-out/>
  <testcase classname="runtask.Run_login" name="testLogin" time="4.060"/>
  <system-out/>
  <testcase classname="runtask.Run_login" name="searchButton" time="2.083"/>
  <system-out/>
  <testcase classname="runtask.Run_login" name="clickproduct" time="1.637"/>
  <system-out/>
  <testcase classname="runtask.Run_login" name="Selectimage" time="0.020"/>
  <system-out/>
  <testcase classname="runtask.Run_login" name="Selectsize" time="0.056"/>
  <system-out/>
  <testcase classname="runtask.Run_login" name="Selectcolor" time="0.051"/>
  <system-out/>
  <testcase classname="runtask.Run_login" name="Cartquantity" time="0.118"/>
  <system-out/>
  <testcase classname="runtask.Run_login" name="Addtocart" time="0.056"/>
  <system-out/>
  <testcase classname="runtask.Run_login" name="Mycarticon" time="0.053"/>
  <system-out/>
  <testcase classname="runtask.Run_login" name="Checkoutbutton" time="8.199"/>
  <system-out/>
  <testcase classname="runtask.Run_login" name="scroll" time="0.020"/>
  <system-out/>
  <testcase classname="runtask.Run_login" name="Next" time="5.056"/>
  <system-out/>
  <testcase classname="runtask.Run_login" name="Placeorder" time="0.069"/>
  <system-out/>
  <testcase classname="runtask.Run_login" name="Clickprofiledropdown" time="4.278"/>
  <system-out/>
  <testcase classname="runtask.Run_login" name="Clickonmyaccount" time="1.495"/>
  <system-out/>
  <testcase classname="runtask.Run_login" name="Clickonchangepassword" time="1.471"/>
  <system-out/>
  <testcase classname="runtask.Run_login" name="ClickonCurrentPassword" time="0.074"/>
  <system-out/>
  <testcase classname="runtask.Run_login" name="ClickonNewPassword" time="0.068"/>
  <system-out/>
  <testcase classname="runtask.Run_login" name="ClickonNewConfirmPassword" time="0.061"/>
  <system-out/>
  <testcase classname="runtask.Run_login" name="ClickonSave" time="3.241"/>
  <system-out/>
</testsuite> <!-- runtask.Run_login -->
