<?xml version="1.0" encoding="UTF-8"?>
<!-- Generated by org.testng.reporters.JUnitReportReporter -->
<testsuite hostname="LAPTOP-KRDH09GV" failures="0" tests="2" name="mytest.Program12" time="11.521" errors="0" timestamp="2024-07-08T22:25:48 IST" skipped="0">
  <testcase classname="mytest.Program12" name="verifyTitle" time="0.013"/>
  <testcase classname="mytest.Program12" name="removeitemfromcart" time="11.508"/>
</testsuite> <!-- mytest.Program12 -->
