<?xml version="1.0" encoding="UTF-8"?>
<!-- Generated by org.testng.reporters.JUnitReportReporter -->
<testsuite hostname="LAPTOP-KRDH09GV" failures="0" tests="1" name="run_task.Run_login" time="12.277" errors="0" timestamp="2024-07-19T17:44:18 IST" skipped="0">
  <testcase classname="run_task.Run_login" name="testLogin" time="12.277"/>
  <system-out/>
</testsuite> <!-- run_task.Run_login -->
