<?xml version="1.0" encoding="UTF-8"?>
<!-- Generated by org.testng.reporters.JUnitReportReporter -->
<testsuite hostname="LAPTOP-KRDH09GV" failures="0" tests="2" name="mytest.Program6" time="1.238" errors="0" timestamp="2024-07-08T22:25:48 IST" skipped="0">
  <testcase classname="mytest.Program6" name="verifyTitle" time="0.008"/>
  <testcase classname="mytest.Program6" name="totallinksinhomepage" time="1.230"/>
</testsuite> <!-- mytest.Program6 -->
