<?xml version="1.0" encoding="UTF-8"?>
<!-- Generated by org.testng.reporters.JUnitReportReporter -->
<testsuite hostname="LAPTOP-KRDH09GV" failures="0" tests="4" name="mytest.Program8" time="11.797" errors="0" timestamp="2024-07-08T22:25:48 IST" skipped="0">
  <testcase classname="mytest.Program8" name="openBrowser" time="1.699"/>
  <testcase classname="mytest.Program8" name="searchshirt" time="5.662"/>
  <testcase classname="mytest.Program8" name="searchshirt" time="2.168"/>
  <testcase classname="mytest.Program8" name="searchshirt" time="2.268"/>
</testsuite> <!-- mytest.Program8 -->
