<?xml version="1.0" encoding="UTF-8"?>
<!-- Generated by org.testng.reporters.JUnitReportReporter -->
<testsuite hostname="LAPTOP-KRDH09GV" failures="0" tests="4" name="mytest.Program10" time="7.701" errors="0" timestamp="2024-07-08T22:25:48 IST" skipped="0">
  <testcase classname="mytest.Program10" name="verifyTitle" time="0.014"/>
  <testcase classname="mytest.Program10" name="searchbox" time="1.630"/>
  <testcase classname="mytest.Program10" name="verifysortdropdown" time="0.141"/>
  <testcase classname="mytest.Program10" name="verifyreviewform" time="5.916"/>
</testsuite> <!-- mytest.Program10 -->
