<?xml version="1.0" encoding="UTF-8"?>
<!-- Generated by org.testng.reporters.JUnitReportReporter -->
<testsuite hostname="LAPTOP-KRDH09GV" failures="0" tests="2" name="mytest.Program7" time="1.952" errors="0" timestamp="2024-07-08T22:25:48 IST" skipped="0">
  <testcase classname="mytest.Program7" name="verifyTitle" time="0.008"/>
  <testcase classname="mytest.Program7" name="checklogin_validation" time="1.944"/>
</testsuite> <!-- mytest.Program7 -->
