<?xml version="1.0" encoding="UTF-8"?>
<!-- Generated by org.testng.reporters.JUnitReportReporter -->
<testsuite hostname="LAPTOP-KRDH09GV" failures="0" tests="4" name="mytest.Program11" time="26.174" errors="0" timestamp="2024-07-08T22:25:48 IST" skipped="0">
  <testcase classname="mytest.Program11" name="verifyTitle" time="0.013"/>
  <testcase classname="mytest.Program11" name="loginwithinvalidcredential" time="8.352"/>
  <testcase classname="mytest.Program11" name="loginwithvalidcredential" time="5.519"/>
  <testcase classname="mytest.Program11" name="addtowishlist" time="12.290"/>
</testsuite> <!-- mytest.Program11 -->
