<?xml version="1.0" encoding="UTF-8"?>
<!-- Generated by org.testng.reporters.JUnitReportReporter -->
<testsuite hostname="LAPTOP-KRDH09GV" failures="0" tests="10" name="mytest.Program5" time="45.957" errors="0" timestamp="2024-07-08T22:25:48 IST" skipped="0">
  <testcase classname="mytest.Program5" name="verifyTitle" time="0.018"/>
  <testcase classname="mytest.Program5" name="loginwithinvalidcredential" time="8.019"/>
  <testcase classname="mytest.Program5" name="loginwithvalidcredential" time="5.277"/>
  <testcase classname="mytest.Program5" name="searchproduct" time="1.945"/>
  <testcase classname="mytest.Program5" name="scrolldown" time="2.027"/>
  <testcase classname="mytest.Program5" name="selectproduct" time="1.660"/>
  <testcase classname="mytest.Program5" name="addtocart" time="4.596"/>
  <testcase classname="mytest.Program5" name="proceedtocheckout" time="6.785"/>
  <testcase classname="mytest.Program5" name="proceedtopayment" time="11.938"/>
  <testcase classname="mytest.Program5" name="placeorder" time="3.692"/>
</testsuite> <!-- mytest.Program5 -->
