<?xml version="1.0" encoding="UTF-8"?>
<!-- Generated by org.testng.reporters.JUnitReportReporter -->
<testsuite hostname="LAPTOP-KRDH09GV" failures="0" tests="6" name="mytest.Program3" time="19.288" errors="0" timestamp="2024-07-08T22:25:48 IST" skipped="0">
  <testcase classname="mytest.Program3" name="verifyTitle" time="0.017"/>
  <testcase classname="mytest.Program3" name="loginwithinvalidcredential" time="8.052"/>
  <testcase classname="mytest.Program3" name="loginwithvalidcredential" time="5.480"/>
  <testcase classname="mytest.Program3" name="searchproduct" time="2.000"/>
  <testcase classname="mytest.Program3" name="scrolldown" time="2.040"/>
  <testcase classname="mytest.Program3" name="selectproduct" time="1.699"/>
</testsuite> <!-- mytest.Program3 -->
