<?xml version="1.0" encoding="UTF-8"?>
<!-- Generated by org.testng.reporters.JUnitReportReporter -->
<testsuite hostname="LAPTOP-KRDH09GV" failures="0" tests="8" name="mytest.Program4" time="31.926" errors="0" timestamp="2024-07-08T22:25:48 IST" skipped="0">
  <testcase classname="mytest.Program4" name="verifyTitle" time="0.017"/>
  <testcase classname="mytest.Program4" name="loginwithinvalidcredential" time="8.475"/>
  <testcase classname="mytest.Program4" name="loginwithvalidcredential" time="6.021"/>
  <testcase classname="mytest.Program4" name="searchproduct" time="2.026"/>
  <testcase classname="mytest.Program4" name="scrolldown" time="2.042"/>
  <testcase classname="mytest.Program4" name="selectproduct" time="1.819"/>
  <testcase classname="mytest.Program4" name="addtocart" time="4.563"/>
  <testcase classname="mytest.Program4" name="proceedtocheckout" time="6.963"/>
</testsuite> <!-- mytest.Program4 -->
