<?xml version="1.0" encoding="UTF-8"?>
<!-- Generated by org.testng.reporters.JUnitReportReporter -->
<testsuite hostname="LAPTOP-KRDH09GV" failures="0" tests="8" name="mytest.Program4_1" time="24.091" errors="1" timestamp="2024-07-08T18:54:17 IST" skipped="0">
  <testcase classname="mytest.Program4_1" name="verifyTitle" time="0.019"/>
  <testcase classname="mytest.Program4_1" name="loginwithvalidcredential" time="6.704"/>
  <testcase classname="mytest.Program4_1" name="searchproduct" time="1.822"/>
  <testcase classname="mytest.Program4_1" name="scrolldown" time="2.014"/>
  <testcase classname="mytest.Program4_1" name="selectproduct" time="2.292"/>
  <testcase classname="mytest.Program4_1" name="addtocart" time="4.681"/>
  <testcase classname="mytest.Program4_1" name="proceedtocheckout" time="6.559"/>
  <testcase classname="mytest.Program4_1" name="addnewaddress" time="0.000">
    <error message="Unresolved compilation problem: 
	The type WebElement is not visible
" type="java.lang.Error">
      <![CDATA[java.lang.Error: Unresolved compilation problem: 
The type WebElement is not visible

at mytest.Program4_1.addnewaddress(Program4_1.java:10)
at java.base/jdk.internal.reflect.DirectMethodHandleAccessor.invoke(DirectMethodHandleAccessor.java:104)
at java.base/java.lang.reflect.Method.invoke(Method.java:577)
at org.testng.internal.invokers.MethodInvocationHelper.invokeMethod(MethodInvocationHelper.java:141)
at org.testng.internal.invokers.TestInvoker.invokeMethod(TestInvoker.java:686)
at org.testng.internal.invokers.TestInvoker.invokeTestMethod(TestInvoker.java:230)
at org.testng.internal.invokers.MethodRunner.runInSequence(MethodRunner.java:63)
at org.testng.internal.invokers.TestInvoker$MethodInvocationAgent.invoke(TestInvoker.java:992)
at org.testng.internal.invokers.TestInvoker.invokeTestMethods(TestInvoker.java:203)
at org.testng.internal.invokers.TestMethodWorker.invokeTestMethods(TestMethodWorker.java:154)
at org.testng.internal.invokers.TestMethodWorker.run(TestMethodWorker.java:134)
at java.base/java.util.ArrayList.forEach(ArrayList.java:1511)
at org.testng.TestRunner.privateRun(TestRunner.java:739)
at org.testng.TestRunner.run(TestRunner.java:614)
at org.testng.SuiteRunner.runTest(SuiteRunner.java:421)
at org.testng.SuiteRunner.runSequentially(SuiteRunner.java:413)
at org.testng.SuiteRunner.privateRun(SuiteRunner.java:373)
at org.testng.SuiteRunner.run(SuiteRunner.java:312)
at org.testng.SuiteRunnerWorker.runSuite(SuiteRunnerWorker.java:52)
at org.testng.SuiteRunnerWorker.run(SuiteRunnerWorker.java:95)
at org.testng.TestNG.runSuitesSequentially(TestNG.java:1274)
at org.testng.TestNG.runSuitesLocally(TestNG.java:1208)
at org.testng.TestNG.runSuites(TestNG.java:1112)
at org.testng.TestNG.run(TestNG.java:1079)
at org.testng.remote.AbstractRemoteTestNG.run(AbstractRemoteTestNG.java:115)
at org.testng.remote.RemoteTestNG.initAndRun(RemoteTestNG.java:293)
at org.testng.remote.RemoteTestNG.main(RemoteTestNG.java:91)
]]>
    </error>
  </testcase> <!-- addnewaddress -->
</testsuite> <!-- mytest.Program4_1 -->
