<?xml version="1.0" encoding="UTF-8"?>
<!-- Generated by org.testng.reporters.JUnitReportReporter -->
<testsuite hostname="LAPTOP-KRDH09GV" failures="0" tests="1" name="run_task.Searchtest" time="11.555" errors="0" timestamp="2024-07-17T21:40:58 IST" skipped="0">
  <testcase classname="run_task.Searchtest" name="testSearchProduct" time="11.555"/>
  <system-out/>
</testsuite> <!-- run_task.Searchtest -->
