<?xml version="1.0" encoding="UTF-8"?>
<!-- Generated by org.testng.reporters.JUnitReportReporter -->
<testsuite hostname="LAPTOP-KRDH09GV" failures="0" tests="1" name="mytest.Program1" time="0.040" errors="0" timestamp="2024-07-08T22:25:48 IST" skipped="0">
  <testcase classname="mytest.Program1" name="verifyTitle" time="0.040"/>
</testsuite> <!-- mytest.Program1 -->
