<?xml version="1.0" encoding="UTF-8"?>
<!-- Generated by org.testng.reporters.JUnitReportReporter -->
<testsuite hostname="LAPTOP-KRDH09GV" failures="0" tests="3" name="mytest.Program2" time="12.970" errors="0" timestamp="2024-07-08T22:25:48 IST" skipped="0">
  <testcase classname="mytest.Program2" name="verifyTitle" time="0.022"/>
  <testcase classname="mytest.Program2" name="loginwithinvalidcredential" time="7.257"/>
  <testcase classname="mytest.Program2" name="loginwithvalidcredential" time="5.691"/>
</testsuite> <!-- mytest.Program2 -->
